#
# There is insufficient memory for the Java Runtime Environment to continue.
# Native memory allocation (malloc) failed to allocate 1360176 bytes for Chunk::new
# Possible reasons:
#   The system is out of physical RAM or swap space
#   In 32 bit mode, the process size limit was hit
# Possible solutions:
#   Reduce memory load on the system
#   Increase physical memory or swap space
#   Check if swap backing store is full
#   Use 64 bit Java on a 64 bit OS
#   Decrease Java heap size (-Xmx/-Xms)
#   Decrease number of Java threads
#   Decrease Java thread stack sizes (-Xss)
#   Set larger code cache with -XX:ReservedCodeCacheSize=
# This output file may be truncated or incomplete.
#
#  Out of Memory Error (allocation.cpp:390), pid=22696, tid=7880
#
# JRE version: Java(TM) SE Runtime Environment (8.0_77-b03) (build 1.8.0_77-b03)
# Java VM: Java HotSpot(TM) 64-Bit Server VM (25.77-b03 mixed mode windows-amd64 compressed oops)
# Failed to write core dump. Minidumps are not enabled by default on client versions of Windows
#

---------------  T H R E A D  ---------------

Current thread (0x0000000018002000):  JavaThread "C2 CompilerThread0" daemon [_thread_in_native, id=7880, stack(0x0000000019c00000,0x0000000019d00000)]

Stack: [0x0000000019c00000,0x0000000019d00000]
[error occurred during error reporting (printing stack bounds), id 0xc0000005]

Native frames: (J=compiled Java code, j=interpreted, Vv=VM code, C=native code)


Current CompileTask:
C2:  11831 4172   !   4       org.springframework.core.annotation.AnnotationUtils::findAnnotation (171 bytes)


---------------  P R O C E S S  ---------------

Java Threads: ( => current thread )
  0x000000001d533800 JavaThread "container-0" [_thread_blocked, id=23396, stack(0x0000000022af0000,0x0000000022bf0000)]
  0x000000001d533000 JavaThread "Catalina-utility-2" [_thread_blocked, id=20632, stack(0x00000000229f0000,0x0000000022af0000)]
  0x000000001f721800 JavaThread "Catalina-utility-1" [_thread_blocked, id=22608, stack(0x00000000228f0000,0x00000000229f0000)]
  0x000000001b37e800 JavaThread "restartedMain" [_thread_in_vm, id=28072, stack(0x000000001bcc0000,0x000000001bdc0000)]
  0x000000001adf7000 JavaThread "Thread-0" [_thread_blocked, id=25012, stack(0x000000001bbc0000,0x000000001bcc0000)]
  0x00000000193a3800 JavaThread "Service Thread" daemon [_thread_blocked, id=28188, stack(0x0000000019f00000,0x000000001a000000)]
  0x000000001800e000 JavaThread "C1 CompilerThread2" daemon [_thread_blocked, id=27340, stack(0x0000000019e00000,0x0000000019f00000)]
  0x0000000018007000 JavaThread "C2 CompilerThread1" daemon [_thread_in_native, id=17864, stack(0x0000000019d00000,0x0000000019e00000)]
=>0x0000000018002000 JavaThread "C2 CompilerThread0" daemon [_thread_in_native, id=7880, stack(0x0000000019c00000,0x0000000019d00000)]
  0x0000000017ff6000 JavaThread "JDWP Command Reader" daemon [_thread_in_native, id=23272, stack(0x0000000019b00000,0x0000000019c00000)]
  0x0000000017ff3000 JavaThread "JDWP Event Helper Thread" daemon [_thread_blocked, id=23304, stack(0x0000000019a00000,0x0000000019b00000)]
  0x0000000017fef800 JavaThread "JDWP Transport Listener: dt_socket" daemon [_thread_blocked, id=26568, stack(0x0000000019900000,0x0000000019a00000)]
  0x0000000017fdc000 JavaThread "Attach Listener" daemon [_thread_blocked, id=24536, stack(0x0000000019800000,0x0000000019900000)]
  0x0000000017fc6800 JavaThread "Signal Dispatcher" daemon [_thread_blocked, id=18456, stack(0x0000000019700000,0x0000000019800000)]
  0x000000000346e800 JavaThread "Finalizer" daemon [_thread_blocked, id=26924, stack(0x0000000019200000,0x0000000019300000)]
  0x0000000003469800 JavaThread "Reference Handler" daemon [_thread_blocked, id=27700, stack(0x0000000019100000,0x0000000019200000)]
  0x0000000003378000 JavaThread "main" [_thread_blocked, id=14580, stack(0x0000000003170000,0x0000000003270000)]

Other Threads:
  0x0000000017f77000 VMThread [stack: 0x0000000019000000,0x0000000019100000] [id=10508]
  0x0000000019421000 WatcherThread [stack: 0x000000001a000000,0x000000001a100000] [id=26152]

VM state:not at safepoint (normal execution)

VM Mutex/Monitor currently owned by a thread: None

Heap:
 PSYoungGen      total 108032K, used 27712K [0x00000000d5e00000, 0x00000000dd280000, 0x0000000100000000)
  eden space 99840K, 19% used [0x00000000d5e00000,0x00000000d7117500,0x00000000dbf80000)
  from space 8192K, 99% used [0x00000000dca80000,0x00000000dd278bf0,0x00000000dd280000)
  to   space 9216K, 0% used [0x00000000dc080000,0x00000000dc080000,0x00000000dc980000)
 ParOldGen       total 60416K, used 19271K [0x0000000081a00000, 0x0000000085500000, 0x00000000d5e00000)
  object space 60416K, 31% used [0x0000000081a00000,0x0000000082cd1da8,0x0000000085500000)
 Metaspace       used 40922K, capacity 42582K, committed 42880K, reserved 1087488K
  class space    used 5185K, capacity 5474K, committed 5504K, reserved 1048576K

Card table byte_map: [0x0000000012830000,0x0000000012c30000] byte_map_base: 0x0000000012423000

Marking Bits: (ParMarkBitMap*) 0x0000000053f40600
 Begin Bits: [0x00000000132e0000, 0x0000000015278000)
 End Bits:   [0x0000000015278000, 0x0000000017210000)

Polling page: 0x0000000001120000

CodeCache: size=245760Kb used=14891Kb max_used=15344Kb free=230868Kb
 bounds [0x0000000003470000, 0x0000000004390000, 0x0000000012470000]
 total_blobs=4425 nmethods=3986 adapters=359
 compilation: enabled

Compilation events (10 events):
Event: 11.564 Thread 0x000000001800e000 4167       3       sun.misc.ProxyGenerator::access$1800 (7 bytes)
Event: 11.564 Thread 0x000000001800e000 nmethod 4167 0x000000000436c550 code [0x000000000436c6c0, 0x000000000436c848]
Event: 11.564 Thread 0x000000001800e000 4168       3       sun.misc.ProxyGenerator$FieldInfo::write (50 bytes)
Event: 11.565 Thread 0x000000001800e000 nmethod 4168 0x000000000436c910 code [0x000000000436cbc0, 0x000000000436dd58]
Event: 11.571 Thread 0x000000001800e000 4179       3       java.util.Collections$SetFromMap::add (22 bytes)
Event: 11.571 Thread 0x000000001800e000 nmethod 4179 0x000000000436e5d0 code [0x000000000436e740, 0x000000000436e9e8]
Event: 11.579 Thread 0x000000001800e000 4181       3       org.springframework.beans.factory.support.AbstractBeanDefinition::setFactoryMethodName (6 bytes)
Event: 11.579 Thread 0x000000001800e000 nmethod 4181 0x000000000433ebd0 code [0x000000000433ed20, 0x000000000433ee90]
Event: 11.579 Thread 0x000000001800e000 4182       3       org.springframework.beans.factory.config.DependencyDescriptor::getDependencyType (123 bytes)
Event: 11.581 Thread 0x000000001800e000 nmethod 4182 0x000000000436ea90 code [0x000000000436edc0, 0x0000000004370ba8]

GC Heap History (10 events):
Event: 3.498 GC heap before
{Heap before GC invocations=5 (full 1):
 PSYoungGen      total 71680K, used 5089K [0x00000000d5e00000, 0x00000000da900000, 0x0000000100000000)
  eden space 66560K, 0% used [0x00000000d5e00000,0x00000000d5e00000,0x00000000d9f00000)
  from space 5120K, 99% used [0x00000000da400000,0x00000000da8f8448,0x00000000da900000)
  to   space 5120K, 0% used [0x00000000d9f00000,0x00000000d9f00000,0x00000000da400000)
 ParOldGen       total 87552K, used 9266K [0x0000000081a00000, 0x0000000086f80000, 0x00000000d5e00000)
  object space 87552K, 10% used [0x0000000081a00000,0x000000008230c878,0x0000000086f80000)
 Metaspace       used 20634K, capacity 21218K, committed 21248K, reserved 1067008K
  class space    used 2603K, capacity 2792K, committed 2816K, reserved 1048576K
Event: 3.529 GC heap after
Heap after GC invocations=5 (full 1):
 PSYoungGen      total 71680K, used 0K [0x00000000d5e00000, 0x00000000da900000, 0x0000000100000000)
  eden space 66560K, 0% used [0x00000000d5e00000,0x00000000d5e00000,0x00000000d9f00000)
  from space 5120K, 0% used [0x00000000da400000,0x00000000da400000,0x00000000da900000)
  to   space 5120K, 0% used [0x00000000d9f00000,0x00000000d9f00000,0x00000000da400000)
 ParOldGen       total 60416K, used 8226K [0x0000000081a00000, 0x0000000085500000, 0x00000000d5e00000)
  object space 60416K, 13% used [0x0000000081a00000,0x0000000082208bf0,0x0000000085500000)
 Metaspace       used 20634K, capacity 21218K, committed 21248K, reserved 1067008K
  class space    used 2603K, capacity 2792K, committed 2816K, reserved 1048576K
}
Event: 5.813 GC heap before
{Heap before GC invocations=6 (full 1):
 PSYoungGen      total 71680K, used 66560K [0x00000000d5e00000, 0x00000000da900000, 0x0000000100000000)
  eden space 66560K, 100% used [0x00000000d5e00000,0x00000000d9f00000,0x00000000d9f00000)
  from space 5120K, 0% used [0x00000000da400000,0x00000000da400000,0x00000000da900000)
  to   space 5120K, 0% used [0x00000000d9f00000,0x00000000d9f00000,0x00000000da400000)
 ParOldGen       total 60416K, used 8226K [0x0000000081a00000, 0x0000000085500000, 0x00000000d5e00000)
  object space 60416K, 13% used [0x0000000081a00000,0x0000000082208bf0,0x0000000085500000)
 Metaspace       used 26787K, capacity 27716K, committed 27776K, reserved 1073152K
  class space    used 3436K, capacity 3679K, committed 3712K, reserved 1048576K
Event: 5.820 GC heap after
Heap after GC invocations=6 (full 1):
 PSYoungGen      total 71680K, used 5118K [0x00000000d5e00000, 0x00000000dd380000, 0x0000000100000000)
  eden space 66560K, 0% used [0x00000000d5e00000,0x00000000d5e00000,0x00000000d9f00000)
  from space 5120K, 99% used [0x00000000d9f00000,0x00000000da3ffa18,0x00000000da400000)
  to   space 9216K, 0% used [0x00000000dca80000,0x00000000dca80000,0x00000000dd380000)
 ParOldGen       total 60416K, used 10234K [0x0000000081a00000, 0x0000000085500000, 0x00000000d5e00000)
  object space 60416K, 16% used [0x0000000081a00000,0x00000000823feb00,0x0000000085500000)
 Metaspace       used 26787K, capacity 27716K, committed 27776K, reserved 1073152K
  class space    used 3436K, capacity 3679K, committed 3712K, reserved 1048576K
}
Event: 7.116 GC heap before
{Heap before GC invocations=7 (full 1):
 PSYoungGen      total 71680K, used 71678K [0x00000000d5e00000, 0x00000000dd380000, 0x0000000100000000)
  eden space 66560K, 100% used [0x00000000d5e00000,0x00000000d9f00000,0x00000000d9f00000)
  from space 5120K, 99% used [0x00000000d9f00000,0x00000000da3ffa18,0x00000000da400000)
  to   space 9216K, 0% used [0x00000000dca80000,0x00000000dca80000,0x00000000dd380000)
 ParOldGen       total 60416K, used 10234K [0x0000000081a00000, 0x0000000085500000, 0x00000000d5e00000)
  object space 60416K, 16% used [0x0000000081a00000,0x00000000823feb00,0x0000000085500000)
 Metaspace       used 28978K, capacity 30002K, committed 30208K, reserved 1075200K
  class space    used 3748K, capacity 3980K, committed 4096K, reserved 1048576K
Event: 7.125 GC heap after
Heap after GC invocations=7 (full 1):
 PSYoungGen      total 108032K, used 8125K [0x00000000d5e00000, 0x00000000dd280000, 0x0000000100000000)
  eden space 99840K, 0% used [0x00000000d5e00000,0x00000000d5e00000,0x00000000dbf80000)
  from space 8192K, 99% used [0x00000000dca80000,0x00000000dd26f7f8,0x00000000dd280000)
  to   space 9216K, 0% used [0x00000000dc080000,0x00000000dc080000,0x00000000dc980000)
 ParOldGen       total 60416K, used 10242K [0x0000000081a00000, 0x0000000085500000, 0x00000000d5e00000)
  object space 60416K, 16% used [0x0000000081a00000,0x0000000082400b00,0x0000000085500000)
 Metaspace       used 28978K, capacity 30002K, committed 30208K, reserved 1075200K
  class space    used 3748K, capacity 3980K, committed 4096K, reserved 1048576K
}
Event: 8.860 GC heap before
{Heap before GC invocations=8 (full 1):
 PSYoungGen      total 108032K, used 75660K [0x00000000d5e00000, 0x00000000dd280000, 0x0000000100000000)
  eden space 99840K, 67% used [0x00000000d5e00000,0x00000000d9ff3b08,0x00000000dbf80000)
  from space 8192K, 99% used [0x00000000dca80000,0x00000000dd26f7f8,0x00000000dd280000)
  to   space 9216K, 0% used [0x00000000dc080000,0x00000000dc080000,0x00000000dc980000)
 ParOldGen       total 60416K, used 10242K [0x0000000081a00000, 0x0000000085500000, 0x00000000d5e00000)
  object space 60416K, 16% used [0x0000000081a00000,0x0000000082400b00,0x0000000085500000)
 Metaspace       used 33741K, capacity 35328K, committed 35416K, reserved 1079296K
  class space    used 4346K, capacity 4648K, committed 4736K, reserved 1048576K
Event: 8.874 GC heap after
Heap after GC invocations=8 (full 1):
 PSYoungGen      total 109056K, used 9213K [0x00000000d5e00000, 0x00000000dd280000, 0x0000000100000000)
  eden space 99840K, 0% used [0x00000000d5e00000,0x00000000d5e00000,0x00000000dbf80000)
  from space 9216K, 99% used [0x00000000dc080000,0x00000000dc97f680,0x00000000dc980000)
  to   space 8192K, 0% used [0x00000000dca80000,0x00000000dca80000,0x00000000dd280000)
 ParOldGen       total 60416K, used 14819K [0x0000000081a00000, 0x0000000085500000, 0x00000000d5e00000)
  object space 60416K, 24% used [0x0000000081a00000,0x0000000082878f68,0x0000000085500000)
 Metaspace       used 33741K, capacity 35328K, committed 35416K, reserved 1079296K
  class space    used 4346K, capacity 4648K, committed 4736K, reserved 1048576K
}
Event: 8.874 GC heap before
{Heap before GC invocations=9 (full 2):
 PSYoungGen      total 109056K, used 9213K [0x00000000d5e00000, 0x00000000dd280000, 0x0000000100000000)
  eden space 99840K, 0% used [0x00000000d5e00000,0x00000000d5e00000,0x00000000dbf80000)
  from space 9216K, 99% used [0x00000000dc080000,0x00000000dc97f680,0x00000000dc980000)
  to   space 8192K, 0% used [0x00000000dca80000,0x00000000dca80000,0x00000000dd280000)
 ParOldGen       total 60416K, used 14819K [0x0000000081a00000, 0x0000000085500000, 0x00000000d5e00000)
  object space 60416K, 24% used [0x0000000081a00000,0x0000000082878f68,0x0000000085500000)
 Metaspace       used 33741K, capacity 35328K, committed 35416K, reserved 1079296K
  class space    used 4346K, capacity 4648K, committed 4736K, reserved 1048576K
Event: 8.966 GC heap after
Heap after GC invocations=9 (full 2):
 PSYoungGen      total 109056K, used 0K [0x00000000d5e00000, 0x00000000dd280000, 0x0000000100000000)
  eden space 99840K, 0% used [0x00000000d5e00000,0x00000000d5e00000,0x00000000dbf80000)
  from space 9216K, 0% used [0x00000000dc080000,0x00000000dc080000,0x00000000dc980000)
  to   space 8192K, 0% used [0x00000000dca80000,0x00000000dca80000,0x00000000dd280000)
 ParOldGen       total 60416K, used 18233K [0x0000000081a00000, 0x0000000085500000, 0x00000000d5e00000)
  object space 60416K, 30% used [0x0000000081a00000,0x0000000082bce7a8,0x0000000085500000)
 Metaspace       used 33741K, capacity 35328K, committed 35416K, reserved 1079296K
  class space    used 4346K, capacity 4648K, committed 4736K, reserved 1048576K
}

Deoptimization events (10 events):
Event: 11.590 Thread 0x000000001b37e800 Uncommon trap: reason=unhandled action=none pc=0x00000000039be418 method=java.net.URLClassLoader.findClass(Ljava/lang/String;)Ljava/lang/Class; @ 44
Event: 11.591 Thread 0x000000001b37e800 Uncommon trap: reason=unhandled action=none pc=0x00000000039be418 method=java.net.URLClassLoader.findClass(Ljava/lang/String;)Ljava/lang/Class; @ 44
Event: 11.592 Thread 0x000000001b37e800 Uncommon trap: reason=unhandled action=none pc=0x00000000039be418 method=java.net.URLClassLoader.findClass(Ljava/lang/String;)Ljava/lang/Class; @ 44
Event: 11.594 Thread 0x000000001b37e800 Uncommon trap: reason=unhandled action=none pc=0x00000000039be418 method=java.net.URLClassLoader.findClass(Ljava/lang/String;)Ljava/lang/Class; @ 44
Event: 11.595 Thread 0x000000001b37e800 Uncommon trap: reason=unhandled action=none pc=0x00000000039be418 method=java.net.URLClassLoader.findClass(Ljava/lang/String;)Ljava/lang/Class; @ 44
Event: 11.597 Thread 0x000000001b37e800 Uncommon trap: reason=unhandled action=none pc=0x00000000039be418 method=java.net.URLClassLoader.findClass(Ljava/lang/String;)Ljava/lang/Class; @ 44
Event: 11.598 Thread 0x000000001b37e800 Uncommon trap: reason=unhandled action=none pc=0x00000000039be418 method=java.net.URLClassLoader.findClass(Ljava/lang/String;)Ljava/lang/Class; @ 44
Event: 11.599 Thread 0x000000001b37e800 Uncommon trap: reason=unhandled action=none pc=0x00000000039be418 method=java.net.URLClassLoader.findClass(Ljava/lang/String;)Ljava/lang/Class; @ 44
Event: 11.600 Thread 0x000000001b37e800 Uncommon trap: reason=unhandled action=none pc=0x00000000039be418 method=java.net.URLClassLoader.findClass(Ljava/lang/String;)Ljava/lang/Class; @ 44
Event: 11.601 Thread 0x000000001b37e800 Uncommon trap: reason=unhandled action=none pc=0x00000000039be418 method=java.net.URLClassLoader.findClass(Ljava/lang/String;)Ljava/lang/Class; @ 44

Internal exceptions (10 events):
Event: 11.245 Thread 0x000000001b37e800 Exception <a 'java/lang/ArrayIndexOutOfBoundsException': 64> (0x00000000db14cf88) thrown at [D:\re\workspace\8-2-build-windows-amd64-cygwin\jdk8u77\6540\hotspot\src\share\vm\interpreter\interpreterRuntime.cpp, line 366]
Event: 11.246 Thread 0x000000001b37e800 Exception <a 'java/lang/ArrayIndexOutOfBoundsException': 67> (0x00000000db1568e0) thrown at [D:\re\workspace\8-2-build-windows-amd64-cygwin\jdk8u77\6540\hotspot\src\share\vm\interpreter\interpreterRuntime.cpp, line 366]
Event: 11.246 Thread 0x000000001b37e800 Exception <a 'java/lang/ArrayIndexOutOfBoundsException': 59> (0x00000000db15f870) thrown at [D:\re\workspace\8-2-build-windows-amd64-cygwin\jdk8u77\6540\hotspot\src\share\vm\interpreter\interpreterRuntime.cpp, line 366]
Event: 11.248 Thread 0x000000001b37e800 Exception <a 'java/lang/ArrayIndexOutOfBoundsException': 58> (0x00000000db168618) thrown at [D:\re\workspace\8-2-build-windows-amd64-cygwin\jdk8u77\6540\hotspot\src\share\vm\interpreter\interpreterRuntime.cpp, line 366]
Event: 11.249 Thread 0x000000001b37e800 Exception <a 'java/lang/ArrayIndexOutOfBoundsException': 63> (0x00000000db171cd8) thrown at [D:\re\workspace\8-2-build-windows-amd64-cygwin\jdk8u77\6540\hotspot\src\share\vm\interpreter\interpreterRuntime.cpp, line 366]
Event: 11.259 Thread 0x000000001b37e800 Exception <a 'java/lang/ArrayIndexOutOfBoundsException': 73> (0x00000000db17b9b8) thrown at [D:\re\workspace\8-2-build-windows-amd64-cygwin\jdk8u77\6540\hotspot\src\share\vm\interpreter\interpreterRuntime.cpp, line 366]
Event: 11.260 Thread 0x000000001b37e800 Exception <a 'java/lang/ArrayIndexOutOfBoundsException': 63> (0x00000000db1845f0) thrown at [D:\re\workspace\8-2-build-windows-amd64-cygwin\jdk8u77\6540\hotspot\src\share\vm\interpreter\interpreterRuntime.cpp, line 366]
Event: 11.340 Thread 0x000000001b37e800 Implicit null exception at 0x00000000036e6d5c to 0x00000000036e71dd
Event: 11.528 Thread 0x000000001b37e800 Exception <a 'java/lang/ArrayIndexOutOfBoundsException': 83> (0x00000000dbc54cc0) thrown at [D:\re\workspace\8-2-build-windows-amd64-cygwin\jdk8u77\6540\hotspot\src\share\vm\interpreter\interpreterRuntime.cpp, line 366]
Event: 11.529 Thread 0x000000001b37e800 Exception <a 'java/lang/ArrayIndexOutOfBoundsException': 40> (0x00000000dbc55d18) thrown at [D:\re\workspace\8-2-build-windows-amd64-cygwin\jdk8u77\6540\hotspot\src\share\vm\interpreter\interpreterRuntime.cpp, line 366]

Events (10 events):
Event: 11.600 loading class com/netflix/config/PolledConfigurationSource
Event: 11.600 loading class com/netflix/config/PolledConfigurationSource done
Event: 11.600 Thread 0x000000001b37e800 Uncommon trap: trap_request=0xffffffa7 fr.pc=0x00000000039be418
Event: 11.600 Thread 0x000000001b37e800 DEOPT PACKING pc=0x00000000039be418 sp=0x000000001bdba200
Event: 11.600 Thread 0x000000001b37e800 DEOPT UNPACKING pc=0x00000000034b582a sp=0x000000001bdba0f8 mode 2
Event: 11.601 loading class com/netflix/config/sources/URLConfigurationSource
Event: 11.601 loading class com/netflix/config/sources/URLConfigurationSource done
Event: 11.601 Thread 0x000000001b37e800 Uncommon trap: trap_request=0xffffffa7 fr.pc=0x00000000039be418
Event: 11.601 Thread 0x000000001b37e800 DEOPT PACKING pc=0x00000000039be418 sp=0x000000001bdbb790
Event: 11.601 Thread 0x000000001b37e800 DEOPT UNPACKING pc=0x00000000034b582a sp=0x000000001bdbb688 mode 2


Dynamic libraries:
0x00007ff602aa0000 - 0x00007ff602ad7000 	I:\jdk\jdk1.8.0_77\bin\javaw.exe
0x00007ff96f6f0000 - 0x00007ff96f8c1000 	C:\WINDOWS\SYSTEM32\ntdll.dll
0x00007ff96f460000 - 0x00007ff96f50b000 	C:\WINDOWS\System32\KERNEL32.DLL
0x00007ff96c380000 - 0x00007ff96c59d000 	C:\WINDOWS\System32\KERNELBASE.dll
0x00007ff96f3b0000 - 0x00007ff96f452000 	C:\WINDOWS\System32\ADVAPI32.dll
0x00007ff96f650000 - 0x00007ff96f6ee000 	C:\WINDOWS\System32\msvcrt.dll
0x00007ff96cdc0000 - 0x00007ff96ce19000 	C:\WINDOWS\System32\sechost.dll
0x00007ff96f520000 - 0x00007ff96f641000 	C:\WINDOWS\System32\RPCRT4.dll
0x00007ff96e680000 - 0x00007ff96e7e5000 	C:\WINDOWS\System32\USER32.dll
0x00007ff96cc60000 - 0x00007ff96cc7e000 	C:\WINDOWS\System32\win32u.dll
0x00007ff96cee0000 - 0x00007ff96cf14000 	C:\WINDOWS\System32\GDI32.dll
0x00007ff96c650000 - 0x00007ff96c7d2000 	C:\WINDOWS\System32\gdi32full.dll
0x00007ff966cd0000 - 0x00007ff966f49000 	C:\WINDOWS\WinSxS\amd64_microsoft.windows.common-controls_6595b64144ccf1df_6.0.14393.447_none_42191651c6827bb3\COMCTL32.dll
0x00007ff96ecb0000 - 0x00007ff96ef77000 	C:\WINDOWS\System32\combase.dll
0x00007ff96cb60000 - 0x00007ff96cc55000 	C:\WINDOWS\System32\ucrtbase.dll
0x00007ff96bbe0000 - 0x00007ff96bc4a000 	C:\WINDOWS\System32\bcryptPrimitives.dll
0x00007ff96e890000 - 0x00007ff96e8be000 	C:\WINDOWS\System32\IMM32.DLL
0x0000000053570000 - 0x0000000053642000 	I:\jdk\jdk1.8.0_77\jre\bin\msvcr100.dll
0x0000000053730000 - 0x0000000053fc0000 	I:\jdk\jdk1.8.0_77\jre\bin\server\jvm.dll
0x00007ff96f510000 - 0x00007ff96f518000 	C:\WINDOWS\System32\PSAPI.DLL
0x00007ff967640000 - 0x00007ff96764a000 	C:\WINDOWS\SYSTEM32\VERSION.dll
0x00007ff95cc70000 - 0x00007ff95cc79000 	C:\WINDOWS\SYSTEM32\WSOCK32.dll
0x00007ff969b30000 - 0x00007ff969b53000 	C:\WINDOWS\SYSTEM32\WINMM.dll
0x00007ff96e8c0000 - 0x00007ff96e92a000 	C:\WINDOWS\System32\WS2_32.dll
0x00007ff969ad0000 - 0x00007ff969afb000 	C:\WINDOWS\SYSTEM32\WINMMBASE.dll
0x00007ff96bc50000 - 0x00007ff96bc92000 	C:\WINDOWS\System32\cfgmgr32.dll
0x0000000053720000 - 0x000000005372f000 	I:\jdk\jdk1.8.0_77\jre\bin\verify.dll
0x00000000536f0000 - 0x0000000053719000 	I:\jdk\jdk1.8.0_77\jre\bin\java.dll
0x0000000053530000 - 0x0000000053565000 	I:\jdk\jdk1.8.0_77\jre\bin\jdwp.dll
0x0000000053520000 - 0x0000000053528000 	I:\jdk\jdk1.8.0_77\jre\bin\npt.dll
0x00000000536d0000 - 0x00000000536e6000 	I:\jdk\jdk1.8.0_77\jre\bin\zip.dll
0x00007ff96cff0000 - 0x00007ff96e4f9000 	C:\WINDOWS\System32\SHELL32.dll
0x00007ff96bca0000 - 0x00007ff96c37a000 	C:\WINDOWS\System32\windows.storage.dll
0x00007ff96bb70000 - 0x00007ff96bbbc000 	C:\WINDOWS\System32\powrprof.dll
0x00007ff96cf20000 - 0x00007ff96cf72000 	C:\WINDOWS\System32\shlwapi.dll
0x00007ff96bbc0000 - 0x00007ff96bbcf000 	C:\WINDOWS\System32\kernel.appcore.dll
0x00007ff96c7e0000 - 0x00007ff96c889000 	C:\WINDOWS\System32\shcore.dll
0x00007ff96bb50000 - 0x00007ff96bb64000 	C:\WINDOWS\System32\profapi.dll
0x0000000053510000 - 0x0000000053519000 	I:\jdk\jdk1.8.0_77\jre\bin\dt_socket.dll
0x00007ff95d7a0000 - 0x00007ff95d7b6000 	C:\WINDOWS\system32\napinsp.dll
0x00007ff95d7d0000 - 0x00007ff95d7ea000 	C:\WINDOWS\system32\pnrpnsp.dll
0x00007ff969640000 - 0x00007ff969658000 	C:\WINDOWS\system32\NLAapi.dll
0x00007ff96b320000 - 0x00007ff96b37c000 	C:\WINDOWS\System32\mswsock.dll
0x00007ff96b0f0000 - 0x00007ff96b190000 	C:\WINDOWS\SYSTEM32\DNSAPI.dll
0x00007ff96e500000 - 0x00007ff96e508000 	C:\WINDOWS\System32\NSI.dll
0x00007ff96b0b0000 - 0x00007ff96b0e8000 	C:\WINDOWS\SYSTEM32\IPHLPAPI.DLL
0x00007ff95d7c0000 - 0x00007ff95d7ce000 	C:\WINDOWS\System32\winrnr.dll
0x00007ff95d7f0000 - 0x00007ff95d805000 	C:\WINDOWS\System32\wshbth.dll
0x00007ff964a60000 - 0x00007ff964aca000 	C:\WINDOWS\System32\fwpuclnt.dll
0x00007ff96ba90000 - 0x00007ff96babb000 	C:\WINDOWS\SYSTEM32\bcrypt.dll
0x00007ff964980000 - 0x00007ff96498a000 	C:\Windows\System32\rasadhlp.dll
0x00000000536b0000 - 0x00000000536ca000 	I:\jdk\jdk1.8.0_77\jre\bin\net.dll
0x00007ff967c90000 - 0x00007ff967ca6000 	C:\WINDOWS\SYSTEM32\dhcpcsvc6.DLL
0x00007ff967c70000 - 0x00007ff967c8a000 	C:\WINDOWS\SYSTEM32\dhcpcsvc.DLL
0x0000000053650000 - 0x000000005365d000 	I:\jdk\jdk1.8.0_77\jre\bin\management.dll
0x0000000053690000 - 0x00000000536a1000 	I:\jdk\jdk1.8.0_77\jre\bin\nio.dll
0x00007ff96b5a0000 - 0x00007ff96b5b7000 	C:\WINDOWS\SYSTEM32\CRYPTSP.dll
0x00007ff96b4a0000 - 0x00007ff96b4d3000 	C:\WINDOWS\system32\rsaenh.dll
0x00007ff96b1a0000 - 0x00007ff96b1bf000 	C:\WINDOWS\SYSTEM32\USERENV.dll
0x00007ff96b590000 - 0x00007ff96b59b000 	C:\WINDOWS\SYSTEM32\CRYPTBASE.dll
0x0000000180000000 - 0x000000018020e000 	I:\jdk\jdk1.8.0_77\jre\bin\tcnative-1.dll

VM Arguments:
jvm_args: -agentlib:jdwp=transport=dt_socket,suspend=y,address=localhost:23255 -Dfile.encoding=UTF-8 
java_command: springcloud.test.order.OrderserviceApplication
java_class_path (initial): I:\jdk\jdk1.8.0_77\jre\lib\resources.jar;I:\jdk\jdk1.8.0_77\jre\lib\rt.jar;I:\jdk\jdk1.8.0_77\jre\lib\jsse.jar;I:\jdk\jdk1.8.0_77\jre\lib\jce.jar;I:\jdk\jdk1.8.0_77\jre\lib\charsets.jar;I:\jdk\jdk1.8.0_77\jre\lib\jfr.jar;I:\jdk\jdk1.8.0_77\jre\lib\ext\access-bridge-64.jar;I:\jdk\jdk1.8.0_77\jre\lib\ext\cldrdata.jar;I:\jdk\jdk1.8.0_77\jre\lib\ext\dnsns.jar;I:\jdk\jdk1.8.0_77\jre\lib\ext\jaccess.jar;I:\jdk\jdk1.8.0_77\jre\lib\ext\jfxrt.jar;I:\jdk\jdk1.8.0_77\jre\lib\ext\localedata.jar;I:\jdk\jdk1.8.0_77\jre\lib\ext\nashorn.jar;I:\jdk\jdk1.8.0_77\jre\lib\ext\sunec.jar;I:\jdk\jdk1.8.0_77\jre\lib\ext\sunjce_provider.jar;I:\jdk\jdk1.8.0_77\jre\lib\ext\sunmscapi.jar;I:\jdk\jdk1.8.0_77\jre\lib\ext\sunpkcs11.jar;I:\jdk\jdk1.8.0_77\jre\lib\ext\zipfs.jar;I:\workspace-springcloud-project2\orderservice\target\classes;E:\maven_repository\repository\org\springframework\boot\spring-boot-starter-web\2.1.3.RELEASE\spring-boot-starter-web-2.1.3.RELEASE.jar;E:\maven_repository\repository\org\springframework\boot\spring-boot-starter\2.1.3.RELEASE\spring-boot-starter-2.1.3.RELEASE.jar;E:\maven_repository\repository\org\springframework\boot\spring-boot-starter-logging\2.1.3.RELEASE\spring-boot-starter-logging-2.1.3.RELEASE.jar;E:\maven_repository\repository\ch\qos\logback\logback-classic\1.2.3\logback-classic-1.2.3.jar;E:\maven_repository\repository\ch\qos\logback\logback-core\1.2.3\logback-core-1.2.3.jar;E:\maven_repository\repository\org\apache\logging\log4j\log4j-to-slf4j\2.11.2\log4j-to-slf4j-2.11.2.jar;E:\maven_repository\repository\org\apache\logging\log4j\log4j-api\2.11.2\log4j-api-2.11.2.jar;E:\maven_repository\repository\org\slf4j\jul-to-slf4j\1.7.25\jul-to-slf4j-1.7.25.jar;E:\maven_repository\repository\javax\annotation\javax.annotation-api\1.3.2\javax.annotation-api-1.3.2.jar;E:\maven_repository\repository\org\yaml\snakeyaml\1.23\snakeyaml-1.23.jar;E:\maven_repository\repository\org\springframework\boot\spring-boot-starter-json\2.1.3.RELEASE\spring-
Launcher Type: SUN_STANDARD

Environment Variables:
JAVA_HOME=I:\jdk\jdk1.8.0_77
PATH=I:\jdk\jdk1.8.0_77\jre\bin;I:/jdk/jdk1.8.0_77/bin/../jre/bin/server;I:/jdk/jdk1.8.0_77/bin/../jre/bin;I:/jdk/jdk1.8.0_77/bin/../jre/lib/amd64;E:\oracle11g\product\11.2.0\dbhome_1\bin;I:\ProgramFiles\Sybase\ASE-15_0\jobscheduler\bin;I:\ProgramFiles\Sybase\ASE-15_0\dll;I:\ProgramFiles\Sybase\ASE-15_0\bin;I:\ProgramFiles\Sybase\DBISQL\bin;I:\ProgramFiles\Sybase\DataAccess\ADONET\dll;I:\ProgramFiles\Sybase\DataAccess\ODBC\dll;I:\ProgramFiles\Sybase\UAF-2_5\bin;I:\ProgramFiles\Sybase\OCS-15_0\lib3p;I:\ProgramFiles\Sybase\OCS-15_0\dll;I:\ProgramFiles\Sybase\OCS-15_0\bin;C:\Windows\system32;C:\Windows;C:\Windows\System32\Wbem;C:\Windows\System32\WindowsPowerShell\v1.0\;I:\jdk\jdk1.8.0_77\bin;C:\Program Files (x86)\NVIDIA Corporation\PhysX\Common;C:\WINDOWS\system32;C:\WINDOWS;C:\WINDOWS\System32\Wbem;C:\WINDOWS\System32\WindowsPowerShell\v1.0\;H:\hadoop\hadoop-2.7.1\bin;I:\tool\nexus2141\nexus\bin;I:\ProgramFiles\TortoiseSVN\bin;I:\setup\datasetup\oracle\oracle12c\instantclient-basic-nt-12.1.0.2.0\instantclient_12_1\bin;I:\ProgramFiles\nodejs\;I:\ProgramFiles\redis\redis64-3.0.501;I:\ProgramFiles\Git\cmd;C:\Users\Admin\AppData\Local\Microsoft\WindowsApps;I:\tool\maven3\bin;I:\tool\nexus214\nexus2141\bin;I:\ProgramFiles\nodejs;C:\Users\Admin\AppData\Roaming\npm;I:\ProgramFiles\MicrosoftVSCode\bin;I:\¿ª·¢¸¨Öú\myeclipse-plugs\spring-tool-suite\sts-bundle\sts-3.9.4.RELEASE;
USERNAME=Admin
OS=Windows_NT
PROCESSOR_IDENTIFIER=Intel64 Family 6 Model 60 Stepping 3, GenuineIntel



---------------  S Y S T E M  ---------------

OS: Windows 10.0 , 64 bit Build 14393 (10.0.14393.0)

CPU:total 4 (2 cores per cpu, 2 threads per core) family 6 model 60 stepping 3, cmov, cx8, fxsr, mmx, sse, sse2, sse3, ssse3, sse4.1, sse4.2, popcnt, avx, avx2, aes, clmul, erms, lzcnt, ht, tsc, tscinvbit, bmi1, bmi2

Memory: 4k page, physical 8274928k(878260k free), swap 16036692k(5456k free)

vm_info: Java HotSpot(TM) 64-Bit Server VM (25.77-b03) for windows-amd64 JRE (1.8.0_77-b03), built on Mar 20 2016 22:01:33 by "java_re" with MS VC++ 10.0 (VS2010)

time: Sun Mar 31 14:45:43 2019
elapsed time: 11 seconds (0d 0h 0m 11s)

