#
# There is insufficient memory for the Java Runtime Environment to continue.
# Native memory allocation (malloc) failed to allocate 654736 bytes for Chunk::new
# Possible reasons:
#   The system is out of physical RAM or swap space
#   In 32 bit mode, the process size limit was hit
# Possible solutions:
#   Reduce memory load on the system
#   Increase physical memory or swap space
#   Check if swap backing store is full
#   Use 64 bit Java on a 64 bit OS
#   Decrease Java heap size (-Xmx/-Xms)
#   Decrease number of Java threads
#   Decrease Java thread stack sizes (-Xss)
#   Set larger code cache with -XX:ReservedCodeCacheSize=
# This output file may be truncated or incomplete.
#
#  Out of Memory Error (allocation.cpp:390), pid=2028, tid=4248
#
# JRE version: Java(TM) SE Runtime Environment (8.0_77-b03) (build 1.8.0_77-b03)
# Java VM: Java HotSpot(TM) 64-Bit Server VM (25.77-b03 mixed mode windows-amd64 compressed oops)
# Failed to write core dump. Minidumps are not enabled by default on client versions of Windows
#

---------------  T H R E A D  ---------------

Current thread (0x00000000192c1800):  JavaThread "C2 CompilerThread1" daemon [_thread_in_native, id=4248, stack(0x0000000019c40000,0x0000000019d40000)]

Stack: [0x0000000019c40000,0x0000000019d40000]
[error occurred during error reporting (printing stack bounds), id 0xc0000005]

Native frames: (J=compiled Java code, j=interpreted, Vv=VM code, C=native code)


Current CompileTask:
C2:   8403 3697   !   4       java.util.jar.Attributes::read (410 bytes)


---------------  P R O C E S S  ---------------

Java Threads: ( => current thread )
  0x000000001abbb800 JavaThread "restartedMain" [_thread_in_vm, id=20828, stack(0x000000001bc00000,0x000000001bd00000)]
  0x000000001a61d000 JavaThread "Thread-0" [_thread_blocked, id=25144, stack(0x000000001bb00000,0x000000001bc00000)]
  0x00000000192d9000 JavaThread "Service Thread" daemon [_thread_blocked, id=19216, stack(0x0000000019e40000,0x0000000019f40000)]
  0x00000000192d3000 JavaThread "C1 CompilerThread2" daemon [_thread_blocked, id=17176, stack(0x0000000019d40000,0x0000000019e40000)]
=>0x00000000192c1800 JavaThread "C2 CompilerThread1" daemon [_thread_in_native, id=4248, stack(0x0000000019c40000,0x0000000019d40000)]
  0x0000000017f41800 JavaThread "C2 CompilerThread0" daemon [_thread_in_native, id=21124, stack(0x0000000019b40000,0x0000000019c40000)]
  0x0000000017f36000 JavaThread "JDWP Command Reader" daemon [_thread_in_native, id=28584, stack(0x0000000019a40000,0x0000000019b40000)]
  0x0000000017f32800 JavaThread "JDWP Event Helper Thread" daemon [_thread_blocked, id=21768, stack(0x0000000019940000,0x0000000019a40000)]
  0x0000000017f28800 JavaThread "JDWP Transport Listener: dt_socket" daemon [_thread_blocked, id=26012, stack(0x0000000019840000,0x0000000019940000)]
  0x0000000019282800 JavaThread "Attach Listener" daemon [_thread_blocked, id=26364, stack(0x0000000019740000,0x0000000019840000)]
  0x0000000017f09000 JavaThread "Signal Dispatcher" daemon [_thread_blocked, id=7668, stack(0x0000000019640000,0x0000000019740000)]
  0x0000000017ee0000 JavaThread "Finalizer" daemon [_thread_blocked, id=16860, stack(0x0000000019140000,0x0000000019240000)]
  0x00000000033a7800 JavaThread "Reference Handler" daemon [_thread_blocked, id=17756, stack(0x0000000019040000,0x0000000019140000)]
  0x00000000032b8000 JavaThread "main" [_thread_blocked, id=28576, stack(0x00000000031b0000,0x00000000032b0000)]

Other Threads:
  0x0000000017eb7000 VMThread [stack: 0x0000000018f40000,0x0000000019040000] [id=21460]
  0x000000001938a800 WatcherThread [stack: 0x0000000019f40000,0x000000001a040000] [id=17008]

VM state:not at safepoint (normal execution)

VM Mutex/Monitor currently owned by a thread: None

Heap:
 PSYoungGen      total 101376K, used 38085K [0x00000000d5e00000, 0x00000000de200000, 0x0000000100000000)
  eden space 89088K, 42% used [0x00000000d5e00000,0x00000000d83316e0,0x00000000db500000)
  from space 12288K, 0% used [0x00000000dc100000,0x00000000dc100000,0x00000000dcd00000)
  to   space 12288K, 0% used [0x00000000db500000,0x00000000db500000,0x00000000dc100000)
 ParOldGen       total 61952K, used 16567K [0x0000000081a00000, 0x0000000085680000, 0x00000000d5e00000)
  object space 61952K, 26% used [0x0000000081a00000,0x0000000082a2deb0,0x0000000085680000)
 Metaspace       used 34824K, capacity 36360K, committed 36568K, reserved 1081344K
  class space    used 4461K, capacity 4750K, committed 4864K, reserved 1048576K

Card table byte_map: [0x0000000012770000,0x0000000012b70000] byte_map_base: 0x0000000012363000

Marking Bits: (ParMarkBitMap*) 0x0000000053f40600
 Begin Bits: [0x0000000013220000, 0x00000000151b8000)
 End Bits:   [0x00000000151b8000, 0x0000000017150000)

Polling page: 0x0000000002c70000

CodeCache: size=245760Kb used=13790Kb max_used=13804Kb free=231969Kb
 bounds [0x00000000033b0000, 0x0000000004140000, 0x00000000123b0000]
 total_blobs=4123 nmethods=3714 adapters=329
 compilation: enabled

Compilation events (10 events):
Event: 8.377 Thread 0x00000000192d3000 3789       3       sun.nio.cs.UTF_8$Encoder::<init> (6 bytes)
Event: 8.378 Thread 0x00000000192d3000 nmethod 3789 0x00000000035502d0 code [0x0000000003550480, 0x00000000035507a8]
Event: 8.378 Thread 0x00000000192d3000 3790       3       sun.nio.cs.UTF_8$Encoder::<init> (16 bytes)
Event: 8.378 Thread 0x00000000192d3000 nmethod 3790 0x000000000354fd50 code [0x000000000354fee0, 0x0000000003550188]
Event: 8.378 Thread 0x00000000192d3000 3791       3       sun.nio.cs.UTF_8$Encoder::isLegalReplacement (26 bytes)
Event: 8.378 Thread 0x00000000192d3000 nmethod 3791 0x000000000354f850 code [0x000000000354f9c0, 0x000000000354fc68]
Event: 8.378 Thread 0x00000000192d3000 3792       3       sun.nio.cs.UTF_8$Encoder::implReplaceWith (8 bytes)
Event: 8.378 Thread 0x00000000192d3000 nmethod 3792 0x00000000034d3450 code [0x00000000034d35a0, 0x00000000034d3730]
Event: 8.380 Thread 0x00000000192d3000 3793       3       java.util.zip.ZipFile::<init> (197 bytes)
Event: 8.383 Thread 0x00000000192d3000 nmethod 3793 0x0000000003530790 code [0x0000000003530bc0, 0x0000000003533278]

GC Heap History (10 events):
Event: 5.255 GC heap before
{Heap before GC invocations=6 (full 1):
 PSYoungGen      total 71680K, used 66560K [0x00000000d5e00000, 0x00000000da900000, 0x0000000100000000)
  eden space 66560K, 100% used [0x00000000d5e00000,0x00000000d9f00000,0x00000000d9f00000)
  from space 5120K, 0% used [0x00000000da400000,0x00000000da400000,0x00000000da900000)
  to   space 5120K, 0% used [0x00000000d9f00000,0x00000000d9f00000,0x00000000da400000)
 ParOldGen       total 61952K, used 8189K [0x0000000081a00000, 0x0000000085680000, 0x00000000d5e00000)
  object space 61952K, 13% used [0x0000000081a00000,0x00000000821ff7d0,0x0000000085680000)
 Metaspace       used 26808K, capacity 27684K, committed 27776K, reserved 1073152K
  class space    used 3434K, capacity 3647K, committed 3712K, reserved 1048576K
Event: 5.264 GC heap after
Heap after GC invocations=6 (full 1):
 PSYoungGen      total 71680K, used 5114K [0x00000000d5e00000, 0x00000000da900000, 0x0000000100000000)
  eden space 66560K, 0% used [0x00000000d5e00000,0x00000000d5e00000,0x00000000d9f00000)
  from space 5120K, 99% used [0x00000000d9f00000,0x00000000da3febb8,0x00000000da400000)
  to   space 5120K, 0% used [0x00000000da400000,0x00000000da400000,0x00000000da900000)
 ParOldGen       total 61952K, used 10225K [0x0000000081a00000, 0x0000000085680000, 0x00000000d5e00000)
  object space 61952K, 16% used [0x0000000081a00000,0x00000000823fc468,0x0000000085680000)
 Metaspace       used 26808K, capacity 27684K, committed 27776K, reserved 1073152K
  class space    used 3434K, capacity 3647K, committed 3712K, reserved 1048576K
}
Event: 6.343 GC heap before
{Heap before GC invocations=7 (full 1):
 PSYoungGen      total 71680K, used 71674K [0x00000000d5e00000, 0x00000000da900000, 0x0000000100000000)
  eden space 66560K, 100% used [0x00000000d5e00000,0x00000000d9f00000,0x00000000d9f00000)
  from space 5120K, 99% used [0x00000000d9f00000,0x00000000da3febb8,0x00000000da400000)
  to   space 5120K, 0% used [0x00000000da400000,0x00000000da400000,0x00000000da900000)
 ParOldGen       total 61952K, used 10225K [0x0000000081a00000, 0x0000000085680000, 0x00000000d5e00000)
  object space 61952K, 16% used [0x0000000081a00000,0x00000000823fc468,0x0000000085680000)
 Metaspace       used 29004K, capacity 30106K, committed 30208K, reserved 1075200K
  class space    used 3748K, capacity 4012K, committed 4096K, reserved 1048576K
Event: 6.351 GC heap after
Heap after GC invocations=7 (full 1):
 PSYoungGen      total 67584K, used 5108K [0x00000000d5e00000, 0x00000000dce80000, 0x0000000100000000)
  eden space 62464K, 0% used [0x00000000d5e00000,0x00000000d5e00000,0x00000000d9b00000)
  from space 5120K, 99% used [0x00000000da400000,0x00000000da8fd030,0x00000000da900000)
  to   space 9216K, 0% used [0x00000000d9b00000,0x00000000d9b00000,0x00000000da400000)
 ParOldGen       total 61952K, used 13237K [0x0000000081a00000, 0x0000000085680000, 0x00000000d5e00000)
  object space 61952K, 21% used [0x0000000081a00000,0x00000000826ed628,0x0000000085680000)
 Metaspace       used 29004K, capacity 30106K, committed 30208K, reserved 1075200K
  class space    used 3748K, capacity 4012K, committed 4096K, reserved 1048576K
}
Event: 7.961 GC heap before
{Heap before GC invocations=8 (full 1):
 PSYoungGen      total 67584K, used 67572K [0x00000000d5e00000, 0x00000000dce80000, 0x0000000100000000)
  eden space 62464K, 100% used [0x00000000d5e00000,0x00000000d9b00000,0x00000000d9b00000)
  from space 5120K, 99% used [0x00000000da400000,0x00000000da8fd030,0x00000000da900000)
  to   space 9216K, 0% used [0x00000000d9b00000,0x00000000d9b00000,0x00000000da400000)
 ParOldGen       total 61952K, used 13237K [0x0000000081a00000, 0x0000000085680000, 0x00000000d5e00000)
  object space 61952K, 21% used [0x0000000081a00000,0x00000000826ed628,0x0000000085680000)
 Metaspace       used 33392K, capacity 34974K, committed 35200K, reserved 1079296K
  class space    used 4306K, capacity 4615K, committed 4736K, reserved 1048576K
Event: 7.973 GC heap after
Heap after GC invocations=8 (full 1):
 PSYoungGen      total 71680K, used 9196K [0x00000000d5e00000, 0x00000000dcd00000, 0x0000000100000000)
  eden space 62464K, 0% used [0x00000000d5e00000,0x00000000d5e00000,0x00000000d9b00000)
  from space 9216K, 99% used [0x00000000d9b00000,0x00000000da3fb050,0x00000000da400000)
  to   space 12288K, 0% used [0x00000000dc100000,0x00000000dc100000,0x00000000dcd00000)
 ParOldGen       total 61952K, used 17264K [0x0000000081a00000, 0x0000000085680000, 0x00000000d5e00000)
  object space 61952K, 27% used [0x0000000081a00000,0x0000000082adc0d8,0x0000000085680000)
 Metaspace       used 33392K, capacity 34974K, committed 35200K, reserved 1079296K
  class space    used 4306K, capacity 4615K, committed 4736K, reserved 1048576K
}
Event: 8.039 GC heap before
{Heap before GC invocations=9 (full 1):
 PSYoungGen      total 71680K, used 13177K [0x00000000d5e00000, 0x00000000dcd00000, 0x0000000100000000)
  eden space 62464K, 6% used [0x00000000d5e00000,0x00000000d61e3780,0x00000000d9b00000)
  from space 9216K, 99% used [0x00000000d9b00000,0x00000000da3fb050,0x00000000da400000)
  to   space 12288K, 0% used [0x00000000dc100000,0x00000000dc100000,0x00000000dcd00000)
 ParOldGen       total 61952K, used 17264K [0x0000000081a00000, 0x0000000085680000, 0x00000000d5e00000)
  object space 61952K, 27% used [0x0000000081a00000,0x0000000082adc0d8,0x0000000085680000)
 Metaspace       used 33743K, capacity 35268K, committed 35416K, reserved 1079296K
  class space    used 4343K, capacity 4648K, committed 4736K, reserved 1048576K
Event: 8.052 GC heap after
Heap after GC invocations=9 (full 1):
 PSYoungGen      total 101376K, used 9702K [0x00000000d5e00000, 0x00000000de200000, 0x0000000100000000)
  eden space 89088K, 0% used [0x00000000d5e00000,0x00000000d5e00000,0x00000000db500000)
  from space 12288K, 78% used [0x00000000dc100000,0x00000000dca79b08,0x00000000dcd00000)
  to   space 12288K, 0% used [0x00000000db500000,0x00000000db500000,0x00000000dc100000)
 ParOldGen       total 61952K, used 17264K [0x0000000081a00000, 0x0000000085680000, 0x00000000d5e00000)
  object space 61952K, 27% used [0x0000000081a00000,0x0000000082adc0d8,0x0000000085680000)
 Metaspace       used 33743K, capacity 35268K, committed 35416K, reserved 1079296K
  class space    used 4343K, capacity 4648K, committed 4736K, reserved 1048576K
}
Event: 8.052 GC heap before
{Heap before GC invocations=10 (full 2):
 PSYoungGen      total 101376K, used 9702K [0x00000000d5e00000, 0x00000000de200000, 0x0000000100000000)
  eden space 89088K, 0% used [0x00000000d5e00000,0x00000000d5e00000,0x00000000db500000)
  from space 12288K, 78% used [0x00000000dc100000,0x00000000dca79b08,0x00000000dcd00000)
  to   space 12288K, 0% used [0x00000000db500000,0x00000000db500000,0x00000000dc100000)
 ParOldGen       total 61952K, used 17264K [0x0000000081a00000, 0x0000000085680000, 0x00000000d5e00000)
  object space 61952K, 27% used [0x0000000081a00000,0x0000000082adc0d8,0x0000000085680000)
 Metaspace       used 33743K, capacity 35268K, committed 35416K, reserved 1079296K
  class space    used 4343K, capacity 4648K, committed 4736K, reserved 1048576K
Event: 8.129 GC heap after
Heap after GC invocations=10 (full 2):
 PSYoungGen      total 101376K, used 0K [0x00000000d5e00000, 0x00000000de200000, 0x0000000100000000)
  eden space 89088K, 0% used [0x00000000d5e00000,0x00000000d5e00000,0x00000000db500000)
  from space 12288K, 0% used [0x00000000dc100000,0x00000000dc100000,0x00000000dcd00000)
  to   space 12288K, 0% used [0x00000000db500000,0x00000000db500000,0x00000000dc100000)
 ParOldGen       total 61952K, used 16567K [0x0000000081a00000, 0x0000000085680000, 0x00000000d5e00000)
  object space 61952K, 26% used [0x0000000081a00000,0x0000000082a2deb0,0x0000000085680000)
 Metaspace       used 33743K, capacity 35268K, committed 35416K, reserved 1079296K
  class space    used 4343K, capacity 4648K, committed 4736K, reserved 1048576K
}

Deoptimization events (10 events):
Event: 8.170 Thread 0x000000001abbb800 Uncommon trap: reason=class_check action=maybe_recompile pc=0x000000000368c9e8 method=java.lang.StringCoding$StringDecoder.decode([BII)[C @ 30
Event: 8.175 Thread 0x000000001abbb800 Uncommon trap: reason=unstable_if action=reinterpret pc=0x0000000003b63010 method=java.lang.CharacterDataLatin1.isWhitespace(I)Z @ 14
Event: 8.175 Thread 0x000000001abbb800 Uncommon trap: reason=unstable_if action=reinterpret pc=0x0000000003700464 method=java.lang.CharacterDataLatin1.isWhitespace(I)Z @ 14
Event: 8.217 Thread 0x000000001abbb800 Uncommon trap: reason=class_check action=maybe_recompile pc=0x00000000035fe00c method=java.util.jar.JarFile.getJarEntry(Ljava/lang/String;)Ljava/util/jar/JarEntry; @ 2
Event: 8.223 Thread 0x000000001abbb800 Uncommon trap: reason=class_check action=maybe_recompile pc=0x000000000368c9e8 method=java.lang.StringCoding$StringDecoder.decode([BII)[C @ 30
Event: 8.252 Thread 0x000000001abbb800 Uncommon trap: reason=bimorphic action=maybe_recompile pc=0x0000000003bbf1e4 method=java.util.Hashtable.get(Ljava/lang/Object;)Ljava/lang/Object; @ 6
Event: 8.271 Thread 0x000000001abbb800 Uncommon trap: reason=bimorphic action=maybe_recompile pc=0x0000000003bbf1e4 method=java.util.Hashtable.get(Ljava/lang/Object;)Ljava/lang/Object; @ 6
Event: 8.274 Thread 0x000000001abbb800 Uncommon trap: reason=unstable_if action=reinterpret pc=0x000000000366ae64 method=java.net.URI.match(CJJ)Z @ 45
Event: 8.277 Thread 0x000000001abbb800 Uncommon trap: reason=bimorphic action=maybe_recompile pc=0x0000000003bbf1e4 method=java.util.Hashtable.get(Ljava/lang/Object;)Ljava/lang/Object; @ 6
Event: 8.277 Thread 0x000000001abbb800 Uncommon trap: reason=bimorphic action=maybe_recompile pc=0x0000000003bbf1e4 method=java.util.Hashtable.get(Ljava/lang/Object;)Ljava/lang/Object; @ 6

Internal exceptions (10 events):
Event: 7.235 Thread 0x000000001abbb800 Exception <a 'java/lang/ArrayIndexOutOfBoundsException': 194> (0x00000000d8655060) thrown at [D:\re\workspace\8-2-build-windows-amd64-cygwin\jdk8u77\6540\hotspot\src\share\vm\interpreter\interpreterRuntime.cpp, line 366]
Event: 7.236 Thread 0x000000001abbb800 Exception <a 'java/lang/ArrayIndexOutOfBoundsException': 199> (0x00000000d865df38) thrown at [D:\re\workspace\8-2-build-windows-amd64-cygwin\jdk8u77\6540\hotspot\src\share\vm\interpreter\interpreterRuntime.cpp, line 366]
Event: 7.269 Thread 0x000000001abbb800 Exception <a 'java/lang/ArrayIndexOutOfBoundsException': 199> (0x00000000d8715c58) thrown at [D:\re\workspace\8-2-build-windows-amd64-cygwin\jdk8u77\6540\hotspot\src\share\vm\interpreter\interpreterRuntime.cpp, line 366]
Event: 7.273 Thread 0x000000001abbb800 Exception <a 'java/lang/ArrayIndexOutOfBoundsException': 266> (0x00000000d8745ba0) thrown at [D:\re\workspace\8-2-build-windows-amd64-cygwin\jdk8u77\6540\hotspot\src\share\vm\interpreter\interpreterRuntime.cpp, line 366]
Event: 7.274 Thread 0x000000001abbb800 Exception <a 'java/lang/ArrayIndexOutOfBoundsException': 119> (0x00000000d8747b38) thrown at [D:\re\workspace\8-2-build-windows-amd64-cygwin\jdk8u77\6540\hotspot\src\share\vm\interpreter\interpreterRuntime.cpp, line 366]
Event: 7.285 Thread 0x000000001abbb800 Exception <a 'java/lang/ArrayIndexOutOfBoundsException': 162> (0x00000000d877c1e0) thrown at [D:\re\workspace\8-2-build-windows-amd64-cygwin\jdk8u77\6540\hotspot\src\share\vm\interpreter\interpreterRuntime.cpp, line 366]
Event: 7.387 Thread 0x000000001abbb800 Exception <a 'java/lang/ArrayIndexOutOfBoundsException': 6> (0x00000000d8b69a00) thrown at [D:\re\workspace\8-2-build-windows-amd64-cygwin\jdk8u77\6540\hotspot\src\share\vm\interpreter\interpreterRuntime.cpp, line 366]
Event: 7.387 Thread 0x000000001abbb800 Exception <a 'java/lang/ArrayIndexOutOfBoundsException': 96> (0x00000000d8b6ad48) thrown at [D:\re\workspace\8-2-build-windows-amd64-cygwin\jdk8u77\6540\hotspot\src\share\vm\interpreter\interpreterRuntime.cpp, line 366]
Event: 7.387 Thread 0x000000001abbb800 Exception <a 'java/lang/ArrayIndexOutOfBoundsException': 135> (0x00000000d8b6c590) thrown at [D:\re\workspace\8-2-build-windows-amd64-cygwin\jdk8u77\6540\hotspot\src\share\vm\interpreter\interpreterRuntime.cpp, line 366]
Event: 7.390 Thread 0x000000001abbb800 Exception <a 'java/lang/ArrayIndexOutOfBoundsException': 6> (0x00000000d8b89d30) thrown at [D:\re\workspace\8-2-build-windows-amd64-cygwin\jdk8u77\6540\hotspot\src\share\vm\interpreter\interpreterRuntime.cpp, line 366]

Events (10 events):
Event: 8.350 Thread 0x000000001abbb800 DEOPT PACKING pc=0x0000000004126eaa sp=0x000000001bcfd670
Event: 8.350 Thread 0x000000001abbb800 DEOPT UNPACKING pc=0x00000000033f787f sp=0x000000001bcfd398 mode 0
Event: 8.350 Thread 0x000000001abbb800 DEOPT PACKING pc=0x0000000004126eaa sp=0x000000001bcfd670
Event: 8.350 Thread 0x000000001abbb800 DEOPT UNPACKING pc=0x00000000033f787f sp=0x000000001bcfd398 mode 0
Event: 8.350 Thread 0x000000001abbb800 DEOPT PACKING pc=0x0000000004122e45 sp=0x000000001bcfd690
Event: 8.350 Thread 0x000000001abbb800 DEOPT UNPACKING pc=0x00000000033f787f sp=0x000000001bcfd3c0 mode 0
Event: 8.350 Thread 0x000000001abbb800 DEOPT PACKING pc=0x0000000004126eaa sp=0x000000001bcfd670
Event: 8.350 Thread 0x000000001abbb800 DEOPT UNPACKING pc=0x00000000033f787f sp=0x000000001bcfd398 mode 0
Event: 8.352 Thread 0x000000001abbb800 DEOPT PACKING pc=0x0000000004126eaa sp=0x000000001bcfd590
Event: 8.352 Thread 0x000000001abbb800 DEOPT UNPACKING pc=0x00000000033f787f sp=0x000000001bcfd2b8 mode 0


Dynamic libraries:
0x00007ff602aa0000 - 0x00007ff602ad7000 	I:\jdk\jdk1.8.0_77\bin\javaw.exe
0x00007ff96f6f0000 - 0x00007ff96f8c1000 	C:\WINDOWS\SYSTEM32\ntdll.dll
0x00007ff96f460000 - 0x00007ff96f50b000 	C:\WINDOWS\System32\KERNEL32.DLL
0x00007ff96c380000 - 0x00007ff96c59d000 	C:\WINDOWS\System32\KERNELBASE.dll
0x00007ff96f3b0000 - 0x00007ff96f452000 	C:\WINDOWS\System32\ADVAPI32.dll
0x00007ff96f650000 - 0x00007ff96f6ee000 	C:\WINDOWS\System32\msvcrt.dll
0x00007ff96cdc0000 - 0x00007ff96ce19000 	C:\WINDOWS\System32\sechost.dll
0x00007ff96f520000 - 0x00007ff96f641000 	C:\WINDOWS\System32\RPCRT4.dll
0x00007ff96e680000 - 0x00007ff96e7e5000 	C:\WINDOWS\System32\USER32.dll
0x00007ff96cc60000 - 0x00007ff96cc7e000 	C:\WINDOWS\System32\win32u.dll
0x00007ff96cee0000 - 0x00007ff96cf14000 	C:\WINDOWS\System32\GDI32.dll
0x00007ff96c650000 - 0x00007ff96c7d2000 	C:\WINDOWS\System32\gdi32full.dll
0x00007ff966cd0000 - 0x00007ff966f49000 	C:\WINDOWS\WinSxS\amd64_microsoft.windows.common-controls_6595b64144ccf1df_6.0.14393.447_none_42191651c6827bb3\COMCTL32.dll
0x00007ff96ecb0000 - 0x00007ff96ef77000 	C:\WINDOWS\System32\combase.dll
0x00007ff96cb60000 - 0x00007ff96cc55000 	C:\WINDOWS\System32\ucrtbase.dll
0x00007ff96bbe0000 - 0x00007ff96bc4a000 	C:\WINDOWS\System32\bcryptPrimitives.dll
0x00007ff96e890000 - 0x00007ff96e8be000 	C:\WINDOWS\System32\IMM32.DLL
0x0000000053570000 - 0x0000000053642000 	I:\jdk\jdk1.8.0_77\jre\bin\msvcr100.dll
0x0000000053730000 - 0x0000000053fc0000 	I:\jdk\jdk1.8.0_77\jre\bin\server\jvm.dll
0x00007ff96f510000 - 0x00007ff96f518000 	C:\WINDOWS\System32\PSAPI.DLL
0x00007ff95cc70000 - 0x00007ff95cc79000 	C:\WINDOWS\SYSTEM32\WSOCK32.dll
0x00007ff969b30000 - 0x00007ff969b53000 	C:\WINDOWS\SYSTEM32\WINMM.dll
0x00007ff967640000 - 0x00007ff96764a000 	C:\WINDOWS\SYSTEM32\VERSION.dll
0x00007ff96e8c0000 - 0x00007ff96e92a000 	C:\WINDOWS\System32\WS2_32.dll
0x0000000001500000 - 0x000000000152b000 	C:\WINDOWS\SYSTEM32\WINMMBASE.dll
0x00007ff96bc50000 - 0x00007ff96bc92000 	C:\WINDOWS\System32\cfgmgr32.dll
0x0000000053720000 - 0x000000005372f000 	I:\jdk\jdk1.8.0_77\jre\bin\verify.dll
0x00000000536f0000 - 0x0000000053719000 	I:\jdk\jdk1.8.0_77\jre\bin\java.dll
0x0000000053530000 - 0x0000000053565000 	I:\jdk\jdk1.8.0_77\jre\bin\jdwp.dll
0x0000000053520000 - 0x0000000053528000 	I:\jdk\jdk1.8.0_77\jre\bin\npt.dll
0x00000000536d0000 - 0x00000000536e6000 	I:\jdk\jdk1.8.0_77\jre\bin\zip.dll
0x00007ff96cff0000 - 0x00007ff96e4f9000 	C:\WINDOWS\System32\SHELL32.dll
0x00007ff96bca0000 - 0x00007ff96c37a000 	C:\WINDOWS\System32\windows.storage.dll
0x00007ff96bb70000 - 0x00007ff96bbbc000 	C:\WINDOWS\System32\powrprof.dll
0x00007ff96cf20000 - 0x00007ff96cf72000 	C:\WINDOWS\System32\shlwapi.dll
0x00007ff96bbc0000 - 0x00007ff96bbcf000 	C:\WINDOWS\System32\kernel.appcore.dll
0x00007ff96c7e0000 - 0x00007ff96c889000 	C:\WINDOWS\System32\shcore.dll
0x00007ff96bb50000 - 0x00007ff96bb64000 	C:\WINDOWS\System32\profapi.dll
0x0000000053510000 - 0x0000000053519000 	I:\jdk\jdk1.8.0_77\jre\bin\dt_socket.dll
0x00007ff95d7a0000 - 0x00007ff95d7b6000 	C:\WINDOWS\system32\napinsp.dll
0x00007ff95d7d0000 - 0x00007ff95d7ea000 	C:\WINDOWS\system32\pnrpnsp.dll
0x00007ff969640000 - 0x00007ff969658000 	C:\WINDOWS\system32\NLAapi.dll
0x00007ff96b320000 - 0x00007ff96b37c000 	C:\WINDOWS\System32\mswsock.dll
0x00007ff96b0f0000 - 0x00007ff96b190000 	C:\WINDOWS\SYSTEM32\DNSAPI.dll
0x00007ff96e500000 - 0x00007ff96e508000 	C:\WINDOWS\System32\NSI.dll
0x00007ff96b0b0000 - 0x00007ff96b0e8000 	C:\WINDOWS\SYSTEM32\IPHLPAPI.DLL
0x00007ff95d7c0000 - 0x00007ff95d7ce000 	C:\WINDOWS\System32\winrnr.dll
0x00007ff95d7f0000 - 0x00007ff95d805000 	C:\WINDOWS\System32\wshbth.dll
0x00007ff964a60000 - 0x00007ff964aca000 	C:\WINDOWS\System32\fwpuclnt.dll
0x00007ff96ba90000 - 0x00007ff96babb000 	C:\WINDOWS\SYSTEM32\bcrypt.dll
0x00007ff964980000 - 0x00007ff96498a000 	C:\Windows\System32\rasadhlp.dll
0x00000000536b0000 - 0x00000000536ca000 	I:\jdk\jdk1.8.0_77\jre\bin\net.dll
0x00007ff967c90000 - 0x00007ff967ca6000 	C:\WINDOWS\SYSTEM32\dhcpcsvc6.DLL
0x00007ff967c70000 - 0x00007ff967c8a000 	C:\WINDOWS\SYSTEM32\dhcpcsvc.DLL
0x0000000053650000 - 0x000000005365d000 	I:\jdk\jdk1.8.0_77\jre\bin\management.dll
0x0000000053690000 - 0x00000000536a1000 	I:\jdk\jdk1.8.0_77\jre\bin\nio.dll
0x00007ff96b5a0000 - 0x00007ff96b5b7000 	C:\WINDOWS\SYSTEM32\CRYPTSP.dll
0x00007ff96b4a0000 - 0x00007ff96b4d3000 	C:\WINDOWS\system32\rsaenh.dll
0x00007ff96b1a0000 - 0x00007ff96b1bf000 	C:\WINDOWS\SYSTEM32\USERENV.dll
0x00007ff96b590000 - 0x00007ff96b59b000 	C:\WINDOWS\SYSTEM32\CRYPTBASE.dll
0x0000000180000000 - 0x000000018020e000 	I:\jdk\jdk1.8.0_77\jre\bin\tcnative-1.dll

VM Arguments:
jvm_args: -agentlib:jdwp=transport=dt_socket,suspend=y,address=localhost:23212 -Dfile.encoding=UTF-8 
java_command: springcloud.test.order.OrderserviceApplication
java_class_path (initial): I:\jdk\jdk1.8.0_77\jre\lib\resources.jar;I:\jdk\jdk1.8.0_77\jre\lib\rt.jar;I:\jdk\jdk1.8.0_77\jre\lib\jsse.jar;I:\jdk\jdk1.8.0_77\jre\lib\jce.jar;I:\jdk\jdk1.8.0_77\jre\lib\charsets.jar;I:\jdk\jdk1.8.0_77\jre\lib\jfr.jar;I:\jdk\jdk1.8.0_77\jre\lib\ext\access-bridge-64.jar;I:\jdk\jdk1.8.0_77\jre\lib\ext\cldrdata.jar;I:\jdk\jdk1.8.0_77\jre\lib\ext\dnsns.jar;I:\jdk\jdk1.8.0_77\jre\lib\ext\jaccess.jar;I:\jdk\jdk1.8.0_77\jre\lib\ext\jfxrt.jar;I:\jdk\jdk1.8.0_77\jre\lib\ext\localedata.jar;I:\jdk\jdk1.8.0_77\jre\lib\ext\nashorn.jar;I:\jdk\jdk1.8.0_77\jre\lib\ext\sunec.jar;I:\jdk\jdk1.8.0_77\jre\lib\ext\sunjce_provider.jar;I:\jdk\jdk1.8.0_77\jre\lib\ext\sunmscapi.jar;I:\jdk\jdk1.8.0_77\jre\lib\ext\sunpkcs11.jar;I:\jdk\jdk1.8.0_77\jre\lib\ext\zipfs.jar;I:\workspace-springcloud-project2\orderservice\target\classes;E:\maven_repository\repository\org\springframework\boot\spring-boot-starter-web\2.1.3.RELEASE\spring-boot-starter-web-2.1.3.RELEASE.jar;E:\maven_repository\repository\org\springframework\boot\spring-boot-starter\2.1.3.RELEASE\spring-boot-starter-2.1.3.RELEASE.jar;E:\maven_repository\repository\org\springframework\boot\spring-boot-starter-logging\2.1.3.RELEASE\spring-boot-starter-logging-2.1.3.RELEASE.jar;E:\maven_repository\repository\ch\qos\logback\logback-classic\1.2.3\logback-classic-1.2.3.jar;E:\maven_repository\repository\ch\qos\logback\logback-core\1.2.3\logback-core-1.2.3.jar;E:\maven_repository\repository\org\apache\logging\log4j\log4j-to-slf4j\2.11.2\log4j-to-slf4j-2.11.2.jar;E:\maven_repository\repository\org\apache\logging\log4j\log4j-api\2.11.2\log4j-api-2.11.2.jar;E:\maven_repository\repository\org\slf4j\jul-to-slf4j\1.7.25\jul-to-slf4j-1.7.25.jar;E:\maven_repository\repository\javax\annotation\javax.annotation-api\1.3.2\javax.annotation-api-1.3.2.jar;E:\maven_repository\repository\org\yaml\snakeyaml\1.23\snakeyaml-1.23.jar;E:\maven_repository\repository\org\springframework\boot\spring-boot-starter-json\2.1.3.RELEASE\spring-
Launcher Type: SUN_STANDARD

Environment Variables:
JAVA_HOME=I:\jdk\jdk1.8.0_77
PATH=I:\jdk\jdk1.8.0_77\jre\bin;I:/jdk/jdk1.8.0_77/bin/../jre/bin/server;I:/jdk/jdk1.8.0_77/bin/../jre/bin;I:/jdk/jdk1.8.0_77/bin/../jre/lib/amd64;E:\oracle11g\product\11.2.0\dbhome_1\bin;I:\ProgramFiles\Sybase\ASE-15_0\jobscheduler\bin;I:\ProgramFiles\Sybase\ASE-15_0\dll;I:\ProgramFiles\Sybase\ASE-15_0\bin;I:\ProgramFiles\Sybase\DBISQL\bin;I:\ProgramFiles\Sybase\DataAccess\ADONET\dll;I:\ProgramFiles\Sybase\DataAccess\ODBC\dll;I:\ProgramFiles\Sybase\UAF-2_5\bin;I:\ProgramFiles\Sybase\OCS-15_0\lib3p;I:\ProgramFiles\Sybase\OCS-15_0\dll;I:\ProgramFiles\Sybase\OCS-15_0\bin;C:\Windows\system32;C:\Windows;C:\Windows\System32\Wbem;C:\Windows\System32\WindowsPowerShell\v1.0\;I:\jdk\jdk1.8.0_77\bin;C:\Program Files (x86)\NVIDIA Corporation\PhysX\Common;C:\WINDOWS\system32;C:\WINDOWS;C:\WINDOWS\System32\Wbem;C:\WINDOWS\System32\WindowsPowerShell\v1.0\;H:\hadoop\hadoop-2.7.1\bin;I:\tool\nexus2141\nexus\bin;I:\ProgramFiles\TortoiseSVN\bin;I:\setup\datasetup\oracle\oracle12c\instantclient-basic-nt-12.1.0.2.0\instantclient_12_1\bin;I:\ProgramFiles\nodejs\;I:\ProgramFiles\redis\redis64-3.0.501;I:\ProgramFiles\Git\cmd;C:\Users\Admin\AppData\Local\Microsoft\WindowsApps;I:\tool\maven3\bin;I:\tool\nexus214\nexus2141\bin;I:\ProgramFiles\nodejs;C:\Users\Admin\AppData\Roaming\npm;I:\ProgramFiles\MicrosoftVSCode\bin;I:\¿ª·¢¸¨Öú\myeclipse-plugs\spring-tool-suite\sts-bundle\sts-3.9.4.RELEASE;
USERNAME=Admin
OS=Windows_NT
PROCESSOR_IDENTIFIER=Intel64 Family 6 Model 60 Stepping 3, GenuineIntel



---------------  S Y S T E M  ---------------

OS: Windows 10.0 , 64 bit Build 14393 (10.0.14393.0)

CPU:total 4 (2 cores per cpu, 2 threads per core) family 6 model 60 stepping 3, cmov, cx8, fxsr, mmx, sse, sse2, sse3, ssse3, sse4.1, sse4.2, popcnt, avx, avx2, aes, clmul, erms, lzcnt, ht, tsc, tscinvbit, bmi1, bmi2

Memory: 4k page, physical 8274928k(962888k free), swap 16036692k(5260k free)

vm_info: Java HotSpot(TM) 64-Bit Server VM (25.77-b03) for windows-amd64 JRE (1.8.0_77-b03), built on Mar 20 2016 22:01:33 by "java_re" with MS VC++ 10.0 (VS2010)

time: Sun Mar 31 14:45:12 2019
elapsed time: 8 seconds (0d 0h 0m 8s)

